[0.739s] Invoking command in '/home/archit/q1/src/question1': PYTHONPATH=/home/archit/q1/build/question1/prefix_override:/home/archit/q1/install/question1/lib/python3.10/site-packages:${PYTHONPATH} /usr/bin/python3 -W ignore:setup.py install is deprecated setup.py egg_info --egg-base ../../build/question1 build --build-base /home/archit/q1/build/question1/build install --record /home/archit/q1/build/question1/install.log --single-version-externally-managed install_data
[1.008s] running egg_info
[1.008s] writing ../../build/question1/question1.egg-info/PKG-INFO
[1.009s] writing dependency_links to ../../build/question1/question1.egg-info/dependency_links.txt
[1.009s] writing entry points to ../../build/question1/question1.egg-info/entry_points.txt
[1.009s] writing requirements to ../../build/question1/question1.egg-info/requires.txt
[1.009s] writing top-level names to ../../build/question1/question1.egg-info/top_level.txt
[1.011s] reading manifest file '../../build/question1/question1.egg-info/SOURCES.txt'
[1.011s] adding license file 'LICENSE'
[1.012s] writing manifest file '../../build/question1/question1.egg-info/SOURCES.txt'
[1.012s] running build
[1.012s] running build_py
[1.012s] copying question1/pong.py -> /home/archit/q1/build/question1/build/lib/question1
[1.012s] running install
[1.013s] running install_lib
[1.013s] copying /home/archit/q1/build/question1/build/lib/question1/pong.py -> /home/archit/q1/install/question1/lib/python3.10/site-packages/question1
[1.014s] byte-compiling /home/archit/q1/install/question1/lib/python3.10/site-packages/question1/pong.py to pong.cpython-310.pyc
[1.015s] running install_data
[1.015s] copying package.xml -> /home/archit/q1/install/question1/share/question1
[1.015s] running install_egg_info
[1.017s] removing '/home/archit/q1/install/question1/lib/python3.10/site-packages/question1-0.0.0-py3.10.egg-info' (and everything under it)
[1.017s] Copying ../../build/question1/question1.egg-info to /home/archit/q1/install/question1/lib/python3.10/site-packages/question1-0.0.0-py3.10.egg-info
[1.019s] running install_scripts
[1.041s] Installing pong_game_node script to /home/archit/q1/install/question1/lib/question1
[1.041s] writing list of installed files to '/home/archit/q1/build/question1/install.log'
[1.065s] Invoked command in '/home/archit/q1/src/question1' returned '0': PYTHONPATH=/home/archit/q1/build/question1/prefix_override:/home/archit/q1/install/question1/lib/python3.10/site-packages:${PYTHONPATH} /usr/bin/python3 -W ignore:setup.py install is deprecated setup.py egg_info --egg-base ../../build/question1 build --build-base /home/archit/q1/build/question1/build install --record /home/archit/q1/build/question1/install.log --single-version-externally-managed install_data
