[1.337s] Invoking command in '/home/archit/q1/src/question1': PYTHONPATH=/home/archit/q1/build/question1/prefix_override:/home/archit/q1/install/question1/lib/python3.10/site-packages:${PYTHONPATH} /usr/bin/python3 -W ignore:setup.py install is deprecated setup.py egg_info --egg-base ../../build/question1 build --build-base /home/archit/q1/build/question1/build install --record /home/archit/q1/build/question1/install.log --single-version-externally-managed install_data
[1.872s] running egg_info
[1.873s] writing ../../build/question1/question1.egg-info/PKG-INFO
[1.874s] writing dependency_links to ../../build/question1/question1.egg-info/dependency_links.txt
[1.874s] writing entry points to ../../build/question1/question1.egg-info/entry_points.txt
[1.875s] writing requirements to ../../build/question1/question1.egg-info/requires.txt
[1.875s] writing top-level names to ../../build/question1/question1.egg-info/top_level.txt
[1.879s] reading manifest file '../../build/question1/question1.egg-info/SOURCES.txt'
[1.879s] adding license file 'LICENSE'
[1.880s] writing manifest file '../../build/question1/question1.egg-info/SOURCES.txt'
[1.881s] running build
[1.881s] running build_py
[1.881s] copying question1/pong.py -> /home/archit/q1/build/question1/build/lib/question1
[1.882s] running install
[1.883s] running install_lib
[1.884s] copying /home/archit/q1/build/question1/build/lib/question1/pong.py -> /home/archit/q1/install/question1/lib/python3.10/site-packages/question1
[1.885s] byte-compiling /home/archit/q1/install/question1/lib/python3.10/site-packages/question1/pong.py to pong.cpython-310.pyc
[1.888s] running install_data
[1.888s] running install_egg_info
[1.891s] removing '/home/archit/q1/install/question1/lib/python3.10/site-packages/question1-0.0.0-py3.10.egg-info' (and everything under it)
[1.892s] Copying ../../build/question1/question1.egg-info to /home/archit/q1/install/question1/lib/python3.10/site-packages/question1-0.0.0-py3.10.egg-info
[1.895s] running install_scripts
[1.938s] Installing pong_game_node script to /home/archit/q1/install/question1/lib/question1
[1.939s] writing list of installed files to '/home/archit/q1/build/question1/install.log'
[1.981s] Invoked command in '/home/archit/q1/src/question1' returned '0': PYTHONPATH=/home/archit/q1/build/question1/prefix_override:/home/archit/q1/install/question1/lib/python3.10/site-packages:${PYTHONPATH} /usr/bin/python3 -W ignore:setup.py install is deprecated setup.py egg_info --egg-base ../../build/question1 build --build-base /home/archit/q1/build/question1/build install --record /home/archit/q1/build/question1/install.log --single-version-externally-managed install_data
