[0.713s] Invoking command in '/home/archit/q1/src/question1': PYTHONPATH=/home/archit/q1/build/question1/prefix_override:/home/archit/q1/install/question1/lib/python3.10/site-packages:${PYTHONPATH} /usr/bin/python3 -W ignore:setup.py install is deprecated setup.py egg_info --egg-base ../../build/question1 build --build-base /home/archit/q1/build/question1/build install --record /home/archit/q1/build/question1/install.log --single-version-externally-managed install_data
[0.989s] running egg_info
[0.989s] creating ../../build/question1/question1.egg-info
[0.989s] writing ../../build/question1/question1.egg-info/PKG-INFO
[0.989s] writing dependency_links to ../../build/question1/question1.egg-info/dependency_links.txt
[0.990s] writing entry points to ../../build/question1/question1.egg-info/entry_points.txt
[0.990s] writing requirements to ../../build/question1/question1.egg-info/requires.txt
[0.990s] writing top-level names to ../../build/question1/question1.egg-info/top_level.txt
[0.990s] writing manifest file '../../build/question1/question1.egg-info/SOURCES.txt'
[0.992s] reading manifest file '../../build/question1/question1.egg-info/SOURCES.txt'
[0.992s] adding license file 'LICENSE'
[0.993s] writing manifest file '../../build/question1/question1.egg-info/SOURCES.txt'
[0.993s] running build
[0.993s] running build_py
[0.993s] creating /home/archit/q1/build/question1/build
[0.993s] creating /home/archit/q1/build/question1/build/lib
[0.993s] creating /home/archit/q1/build/question1/build/lib/question1
[0.993s] copying question1/__init__.py -> /home/archit/q1/build/question1/build/lib/question1
[0.993s] running install
[0.994s] running install_lib
[0.994s] creating /home/archit/q1/install/question1/lib/python3.10/site-packages/question1
[0.994s] copying /home/archit/q1/build/question1/build/lib/question1/__init__.py -> /home/archit/q1/install/question1/lib/python3.10/site-packages/question1
[0.995s] byte-compiling /home/archit/q1/install/question1/lib/python3.10/site-packages/question1/__init__.py to __init__.cpython-310.pyc
[0.995s] running install_data
[0.996s] creating /home/archit/q1/install/question1/share/ament_index
[0.996s] creating /home/archit/q1/install/question1/share/ament_index/resource_index
[0.996s] creating /home/archit/q1/install/question1/share/ament_index/resource_index/packages
[0.996s] copying resource/question1 -> /home/archit/q1/install/question1/share/ament_index/resource_index/packages
[0.996s] copying package.xml -> /home/archit/q1/install/question1/share/question1
[0.996s] running install_egg_info
[0.998s] Copying ../../build/question1/question1.egg-info to /home/archit/q1/install/question1/lib/python3.10/site-packages/question1-0.0.0-py3.10.egg-info
[0.999s] running install_scripts
[1.025s] writing list of installed files to '/home/archit/q1/build/question1/install.log'
[1.072s] Invoked command in '/home/archit/q1/src/question1' returned '0': PYTHONPATH=/home/archit/q1/build/question1/prefix_override:/home/archit/q1/install/question1/lib/python3.10/site-packages:${PYTHONPATH} /usr/bin/python3 -W ignore:setup.py install is deprecated setup.py egg_info --egg-base ../../build/question1 build --build-base /home/archit/q1/build/question1/build install --record /home/archit/q1/build/question1/install.log --single-version-externally-managed install_data
